{"/Users/leizhao/Documents/my_git/node/pnpm_play/packages/debug/src/index.ts": {"path":"/Users/leizhao/Documents/my_git/node/pnpm_play/packages/debug/src/index.ts","statementMap":{"0":{"start":{"line":1,"column":0},"end":{"line":1,"column":49}},"1":{"start":{"line":3,"column":0},"end":{"line":3,"column":39}},"2":{"start":{"line":4,"column":0},"end":{"line":4,"column":11}},"3":{"start":{"line":6,"column":24},"end":{"line":6,"column":59}},"4":{"start":{"line":6,"column":47},"end":{"line":6,"column":59}},"5":{"start":{"line":6,"column":13},"end":{"line":6,"column":24}}},"fnMap":{"0":{"name":"(anonymous_6)","decl":{"start":{"line":6,"column":24},"end":{"line":6,"column":25}},"loc":{"start":{"line":6,"column":47},"end":{"line":6,"column":59}}}},"branchMap":{},"s":{"0":1,"1":1,"2":1,"3":1,"4":2,"5":1},"f":{"0":2},"b":{}}
}
