<?xml version="1.0" encoding="UTF-8"?>
<coverage generated="1558459935662" clover="3.2.0">
  <project timestamp="1558459935663" name="All files">
    <metrics statements="31" coveredstatements="31" conditionals="22" coveredconditionals="21" methods="2" coveredmethods="2" elements="55" coveredelements="54" complexity="0" loc="31" ncloc="31" packages="1" files="2" classes="2"/>
    <file name="arraySame.ts" path="/Users/lzhao/Documents/my_git/node/algorithm/src/frequencyCounter/arraySame.ts">
      <metrics statements="15" coveredstatements="15" conditionals="10" coveredconditionals="10" methods="1" coveredmethods="1"/>
      <line num="9" count="1" type="stmt"/>
      <line num="10" count="6" type="cond" truecount="2" falsecount="0"/>
      <line num="11" count="1" type="stmt"/>
      <line num="14" count="5" type="stmt"/>
      <line num="15" count="5" type="stmt"/>
      <line num="17" count="15" type="stmt"/>
      <line num="18" count="15" type="cond" truecount="2" falsecount="0"/>
      <line num="21" count="15" type="stmt"/>
      <line num="22" count="15" type="cond" truecount="2" falsecount="0"/>
      <line num="25" count="10" type="stmt"/>
      <line num="26" count="10" type="cond" truecount="2" falsecount="0"/>
      <line num="27" count="1" type="stmt"/>
      <line num="29" count="9" type="cond" truecount="2" falsecount="0"/>
      <line num="30" count="2" type="stmt"/>
      <line num="34" count="2" type="stmt"/>
    </file>
    <file name="validAnagram.ts" path="/Users/lzhao/Documents/my_git/node/algorithm/src/frequencyCounter/validAnagram.ts">
      <metrics statements="16" coveredstatements="16" conditionals="12" coveredconditionals="11" methods="1" coveredmethods="1"/>
      <line num="15" count="1" type="stmt"/>
      <line num="16" count="8" type="cond" truecount="2" falsecount="0"/>
      <line num="17" count="2" type="stmt"/>
      <line num="20" count="6" type="stmt"/>
      <line num="21" count="6" type="stmt"/>
      <line num="23" count="32" type="stmt"/>
      <line num="24" count="32" type="cond" truecount="2" falsecount="0"/>
      <line num="27" count="32" type="stmt"/>
      <line num="28" count="32" type="cond" truecount="2" falsecount="0"/>
      <line num="31" count="6" type="stmt"/>
      <line num="32" count="22" type="cond" truecount="1" falsecount="1"/>
      <line num="33" count="22" type="cond" truecount="2" falsecount="0"/>
      <line num="34" count="1" type="stmt"/>
      <line num="36" count="21" type="cond" truecount="2" falsecount="0"/>
      <line num="37" count="1" type="stmt"/>
      <line num="41" count="4" type="stmt"/>
    </file>
  </project>
</coverage>
