{"/Users/lzhao/Documents/my_git/node/algorithm/src/frequencyCounter/arraySame.ts": {"path":"/Users/lzhao/Documents/my_git/node/algorithm/src/frequencyCounter/arraySame.ts","statementMap":{"0":{"start":{"line":9,"column":13},"end":{"line":35,"column":2}},"1":{"start":{"line":10,"column":2},"end":{"line":12,"column":null}},"2":{"start":{"line":11,"column":4},"end":{"line":11,"column":17}},"3":{"start":{"line":14,"column":21},"end":{"line":14,"column":23}},"4":{"start":{"line":15,"column":21},"end":{"line":15,"column":23}},"5":{"start":{"line":17,"column":2},"end":{"line":19,"column":null}},"6":{"start":{"line":17,"column":20},"end":{"line":17,"column":24}},"7":{"start":{"line":17,"column":16},"end":{"line":17,"column":20}},"8":{"start":{"line":18,"column":4},"end":{"line":18,"column":49}},"9":{"start":{"line":21,"column":2},"end":{"line":23,"column":null}},"10":{"start":{"line":21,"column":20},"end":{"line":21,"column":24}},"11":{"start":{"line":21,"column":16},"end":{"line":21,"column":20}},"12":{"start":{"line":22,"column":4},"end":{"line":22,"column":49}},"13":{"start":{"line":25,"column":2},"end":{"line":32,"column":null}},"14":{"start":{"line":25,"column":20},"end":{"line":25,"column":26}},"15":{"start":{"line":25,"column":20},"end":{"line":25,"column":43}},"16":{"start":{"line":25,"column":16},"end":{"line":25,"column":20}},"17":{"start":{"line":26,"column":4},"end":{"line":28,"column":null}},"18":{"start":{"line":27,"column":6},"end":{"line":27,"column":19}},"19":{"start":{"line":29,"column":4},"end":{"line":31,"column":null}},"20":{"start":{"line":30,"column":6},"end":{"line":30,"column":19}},"21":{"start":{"line":34,"column":2},"end":{"line":34,"column":14}}},"fnMap":{"0":{"name":"(anonymous_0)","decl":{"start":{"line":9,"column":20},"end":{"line":9,"column":21}},"loc":{"start":{"line":9,"column":51},"end":{"line":35,"column":1}}}},"branchMap":{"0":{"loc":{"start":{"line":10,"column":2},"end":{"line":12,"column":null}},"type":"if","locations":[{"start":{"line":10,"column":2},"end":{"line":12,"column":null}},{"start":{"line":10,"column":2},"end":{"line":12,"column":null}}]},"1":{"loc":{"start":{"line":18,"column":23},"end":{"line":18,"column":38}},"type":"binary-expr","locations":[{"start":{"line":18,"column":23},"end":{"line":18,"column":38}},{"start":{"line":18,"column":42},"end":{"line":18,"column":43}}]},"2":{"loc":{"start":{"line":22,"column":23},"end":{"line":22,"column":38}},"type":"binary-expr","locations":[{"start":{"line":22,"column":23},"end":{"line":22,"column":38}},{"start":{"line":22,"column":42},"end":{"line":22,"column":43}}]},"3":{"loc":{"start":{"line":26,"column":4},"end":{"line":28,"column":null}},"type":"if","locations":[{"start":{"line":26,"column":4},"end":{"line":28,"column":null}},{"start":{"line":26,"column":4},"end":{"line":28,"column":null}}]},"4":{"loc":{"start":{"line":29,"column":4},"end":{"line":31,"column":null}},"type":"if","locations":[{"start":{"line":29,"column":4},"end":{"line":31,"column":null}},{"start":{"line":29,"column":4},"end":{"line":31,"column":null}}]}},"s":{"0":1,"1":6,"2":1,"3":5,"4":5,"5":5,"6":10,"7":15,"8":15,"9":5,"10":10,"11":15,"12":15,"13":5,"14":5,"15":5,"16":10,"17":10,"18":1,"19":9,"20":2,"21":2},"f":{"0":6},"b":{"0":[1,5],"1":[15,12],"2":[15,13],"3":[1,9],"4":[2,7]}}
,"/Users/lzhao/Documents/my_git/node/algorithm/src/frequencyCounter/validAnagram.ts": {"path":"/Users/lzhao/Documents/my_git/node/algorithm/src/frequencyCounter/validAnagram.ts","statementMap":{"0":{"start":{"line":15,"column":13},"end":{"line":42,"column":2}},"1":{"start":{"line":16,"column":2},"end":{"line":18,"column":null}},"2":{"start":{"line":17,"column":4},"end":{"line":17,"column":17}},"3":{"start":{"line":20,"column":19},"end":{"line":20,"column":21}},"4":{"start":{"line":21,"column":19},"end":{"line":21,"column":21}},"5":{"start":{"line":23,"column":2},"end":{"line":25,"column":null}},"6":{"start":{"line":23,"column":21},"end":{"line":23,"column":25}},"7":{"start":{"line":23,"column":17},"end":{"line":23,"column":21}},"8":{"start":{"line":24,"column":4},"end":{"line":24,"column":47}},"9":{"start":{"line":27,"column":2},"end":{"line":29,"column":null}},"10":{"start":{"line":27,"column":21},"end":{"line":27,"column":25}},"11":{"start":{"line":27,"column":17},"end":{"line":27,"column":21}},"12":{"start":{"line":28,"column":4},"end":{"line":28,"column":47}},"13":{"start":{"line":31,"column":2},"end":{"line":40,"column":null}},"14":{"start":{"line":32,"column":4},"end":{"line":39,"column":null}},"15":{"start":{"line":33,"column":6},"end":{"line":35,"column":null}},"16":{"start":{"line":34,"column":8},"end":{"line":34,"column":21}},"17":{"start":{"line":36,"column":6},"end":{"line":38,"column":null}},"18":{"start":{"line":37,"column":8},"end":{"line":37,"column":21}},"19":{"start":{"line":41,"column":2},"end":{"line":41,"column":14}}},"fnMap":{"0":{"name":"(anonymous_0)","decl":{"start":{"line":15,"column":28},"end":{"line":15,"column":29}},"loc":{"start":{"line":15,"column":55},"end":{"line":42,"column":1}}}},"branchMap":{"0":{"loc":{"start":{"line":16,"column":2},"end":{"line":18,"column":null}},"type":"if","locations":[{"start":{"line":16,"column":2},"end":{"line":18,"column":null}},{"start":{"line":16,"column":2},"end":{"line":18,"column":null}}]},"1":{"loc":{"start":{"line":24,"column":22},"end":{"line":24,"column":36}},"type":"binary-expr","locations":[{"start":{"line":24,"column":22},"end":{"line":24,"column":36}},{"start":{"line":24,"column":40},"end":{"line":24,"column":41}}]},"2":{"loc":{"start":{"line":28,"column":22},"end":{"line":28,"column":36}},"type":"binary-expr","locations":[{"start":{"line":28,"column":22},"end":{"line":28,"column":36}},{"start":{"line":28,"column":40},"end":{"line":28,"column":41}}]},"3":{"loc":{"start":{"line":32,"column":4},"end":{"line":39,"column":null}},"type":"if","locations":[{"start":{"line":32,"column":4},"end":{"line":39,"column":null}},{"start":{"line":32,"column":4},"end":{"line":39,"column":null}}]},"4":{"loc":{"start":{"line":33,"column":6},"end":{"line":35,"column":null}},"type":"if","locations":[{"start":{"line":33,"column":6},"end":{"line":35,"column":null}},{"start":{"line":33,"column":6},"end":{"line":35,"column":null}}]},"5":{"loc":{"start":{"line":36,"column":6},"end":{"line":38,"column":null}},"type":"if","locations":[{"start":{"line":36,"column":6},"end":{"line":38,"column":null}},{"start":{"line":36,"column":6},"end":{"line":38,"column":null}}]}},"s":{"0":1,"1":8,"2":2,"3":6,"4":6,"5":6,"6":12,"7":32,"8":32,"9":6,"10":12,"11":32,"12":32,"13":6,"14":22,"15":22,"16":1,"17":21,"18":1,"19":4},"f":{"0":8},"b":{"0":[2,6],"1":[32,23],"2":[32,23],"3":[22,0],"4":[1,21],"5":[1,20]}}
}
