TN:
SF:/Users/lzhao/Documents/my_git/node/algorithm/src/frequencyCounter/arraySame.ts
FN:9,(anonymous_0)
FNF:1
FNH:1
FNDA:6,(anonymous_0)
DA:9,1
DA:10,6
DA:11,1
DA:14,5
DA:15,5
DA:17,15
DA:18,15
DA:21,15
DA:22,15
DA:25,10
DA:26,10
DA:27,1
DA:29,9
DA:30,2
DA:34,2
LF:15
LH:15
BRDA:10,0,0,1
BRDA:10,0,1,5
BRDA:18,1,0,15
BRDA:18,1,1,12
BRDA:22,2,0,15
BRDA:22,2,1,13
BRDA:26,3,0,1
BRDA:26,3,1,9
BRDA:29,4,0,2
BRDA:29,4,1,7
BRF:10
BRH:10
end_of_record
TN:
SF:/Users/lzhao/Documents/my_git/node/algorithm/src/frequencyCounter/validAnagram.ts
FN:15,(anonymous_0)
FNF:1
FNH:1
FNDA:8,(anonymous_0)
DA:15,1
DA:16,8
DA:17,2
DA:20,6
DA:21,6
DA:23,32
DA:24,32
DA:27,32
DA:28,32
DA:31,6
DA:32,22
DA:33,22
DA:34,1
DA:36,21
DA:37,1
DA:41,4
LF:16
LH:16
BRDA:16,0,0,2
BRDA:16,0,1,6
BRDA:24,1,0,32
BRDA:24,1,1,23
BRDA:28,2,0,32
BRDA:28,2,1,23
BRDA:32,3,0,22
BRDA:32,3,1,0
BRDA:33,4,0,1
BRDA:33,4,1,21
BRDA:36,5,0,1
BRDA:36,5,1,20
BRF:12
BRH:11
end_of_record
