<?xml version="1.0" encoding="UTF-8"?>
<coverage generated="1558460937385" clover="3.2.0">
  <project timestamp="1558460937385" name="All files">
    <metrics statements="1" coveredstatements="1" conditionals="0" coveredconditionals="0" methods="2" coveredmethods="2" elements="3" coveredelements="3" complexity="0" loc="1" ncloc="1" packages="1" files="1" classes="1"/>
    <file name="calculate.ts" path="/Users/lzhao/Documents/my_git/node/udemy_max/jest_test/src/calculate.ts">
      <metrics statements="1" coveredstatements="1" conditionals="0" coveredconditionals="0" methods="2" coveredmethods="2"/>
      <line num="1" count="5" type="stmt"/>
    </file>
  </project>
</coverage>
