{"/Users/lzhao/Documents/my_git/node/udemy_max/jest_test/src/calculate.ts": {"path":"/Users/lzhao/Documents/my_git/node/udemy_max/jest_test/src/calculate.ts","statementMap":{"0":{"start":{"line":1,"column":13},"end":{"line":1,"column":74}},"1":{"start":{"line":1,"column":20},"end":{"line":1,"column":27}},"2":{"start":{"line":1,"column":32},"end":{"line":1,"column":74}},"3":{"start":{"line":1,"column":59},"end":{"line":1,"column":71}}},"fnMap":{"0":{"name":"(anonymous_0)","decl":{"start":{"line":1,"column":19},"end":{"line":1,"column":20}},"loc":{"start":{"line":1,"column":19},"end":{"line":1,"column":36}}},"1":{"name":"(anonymous_1)","decl":{"start":{"line":1,"column":44},"end":{"line":1,"column":45}},"loc":{"start":{"line":1,"column":54},"end":{"line":1,"column":63}}}},"branchMap":{},"s":{"0":1,"1":5,"2":1,"3":3},"f":{"0":1,"1":3},"b":{}}
}
