{"/Users/lzhao/Documents/my_git/node/udemy_max/jest_test/src/calculate.ts": {"path":"/Users/lzhao/Documents/my_git/node/udemy_max/jest_test/src/calculate.ts","statementMap":{"0":{"start":{"line":1,"column":13},"end":{"line":1,"column":74}},"1":{"start":{"line":1,"column":20},"end":{"line":1,"column":27}},"2":{"start":{"line":1,"column":32},"end":{"line":1,"column":74}},"3":{"start":{"line":1,"column":59},"end":{"line":1,"column":71}},"4":{"start":{"line":3,"column":13},"end":{"line":9,"column":2}},"5":{"start":{"line":3,"column":41},"end":{"line":3,"column":48}},"6":{"start":{"line":4,"column":2},"end":{"line":8,"column":5}},"7":{"start":{"line":5,"column":4},"end":{"line":7,"column":22}},"8":{"start":{"line":6,"column":6},"end":{"line":6,"column":24}}},"fnMap":{"0":{"name":"(anonymous_0)","decl":{"start":{"line":1,"column":19},"end":{"line":1,"column":20}},"loc":{"start":{"line":1,"column":19},"end":{"line":1,"column":36}}},"1":{"name":"(anonymous_1)","decl":{"start":{"line":1,"column":44},"end":{"line":1,"column":45}},"loc":{"start":{"line":1,"column":54},"end":{"line":1,"column":63}}},"2":{"name":"(anonymous_2)","decl":{"start":{"line":3,"column":24},"end":{"line":3,"column":25}},"loc":{"start":{"line":3,"column":39},"end":{"line":9,"column":1}}},"3":{"name":"(anonymous_3)","decl":{"start":{"line":4,"column":29},"end":{"line":4,"column":30}},"loc":{"start":{"line":4,"column":38},"end":{"line":8,"column":3}}},"4":{"name":"(anonymous_4)","decl":{"start":{"line":5,"column":15},"end":{"line":5,"column":null}},"loc":{"start":{"line":5,"column":15},"end":{"line":7,"column":5}}}},"branchMap":{},"s":{"0":1,"1":10,"2":2,"3":6,"4":1,"5":5,"6":1,"7":1,"8":1},"f":{"0":2,"1":6,"2":1,"3":1,"4":1},"b":{}}
}
